Arguments: 
  C:\Program Files\nodejs\node.exe C:\Program Files (x86)\Yarn\bin\yarn.js start

PATH: 
  C:\Program Files (x86)\Common Files\Oracle\Java\javapath;C:\ProgramData\Oracle\Java\javapath;C:\Python27\;C:\Python27\Scripts;C:\Windows\system32;C:\Windows;C:\Windows\System32\Wbem;C:\Windows\System32\WindowsPowerShell\v1.0\;C:\Windows\System32\OpenSSH\;C:\Program Files\Intel\WiFi\bin\;C:\Program Files\Common Files\Intel\WirelessCommon\;C:\Program Files\NVIDIA Corporation\NVIDIA NvDLISR;C:\Program Files (x86)\NVIDIA Corporation\PhysX\Common;C:\Program Files (x86)\Yarn\bin\;C:\ProgramData\chocolatey\bin;C:\Program Files\nodejs\;C:\Program Files\Java\jdk1.8.0_211\bin;C:\Program Files\Git\cmd;C:\Users\Roger\AppData\Local\Microsoft\WindowsApps;C:\Users\Roger\AppData\Local\Programs\Microsoft VS Code\bin;C:\Users\Roger\AppData\Local\Yarn\bin;C:\Program Files\JetBrains\WebStorm 2020.1\bin;;C:\Users\Roger\AppData\Roaming\npm;C:\Users\Roger\AppData\Local\Android\Sdk\platform-tools;

Yarn version: 
  1.22.4

Node version: 
  14.5.0

Platform: 
  win32 x64

Trace: 
  SyntaxError: C:\Users\Roger\Desktop\TgBot\package.json: Unexpected token } in JSON at position 500
      at JSON.parse (<anonymous>)
      at C:\Program Files (x86)\Yarn\lib\cli.js:1625:59
      at Generator.next (<anonymous>)
      at step (C:\Program Files (x86)\Yarn\lib\cli.js:310:30)
      at C:\Program Files (x86)\Yarn\lib\cli.js:321:13

npm manifest: 
  {
    "name": "ls",
    "version": "1.0.0",
    "description": "",
    "main": "index.js",
    "scripts": {
      "test": "echo \"Error: no test specified\" && exit 1",
      "start": "nodemon index.js"
    },
    "author": "",
    "license": "ISC",
    "dependencies": {
      "axios": "^0.19.2",
      "cheerio": "^1.0.0-rc.3",
      "circular-json": "^0.5.9",
      "nodemon": "^2.0.4",
      "telegraf": "^3.38.0",
      "telegraf-session-local": "^2.0.0"
    },
    "nodemonConfig": {
      "ignore": [
        "user_db.json"
      ]
    },
  }

yarn manifest: 
  No manifest

Lockfile: 
  No lockfile
